Arguments: 
  /usr/local/Cellar/node/11.2.0/bin/node /usr/local/Cellar/yarn/1.12.3/libexec/bin/yarn.js config

PATH: 
  /usr/local/bin:/usr/bin:/bin:/usr/sbin:/sbin:/Users/rob/Dropbox/bin:/Users/rob/Dropbox/bin

Yarn version: 
  1.12.3

Node version: 
  11.2.0

Platform: 
  darwin x64

Trace: 
  Error: EACCES: permission denied, mkdir '/dowtk-members'

npm manifest: 
  {
      "name": "express-flags",
      "version": "0.0.1",
      "description": "Feature flags module for use with Express",
      "scripts": {
          "test": "jest"
      },
      "keywords": [
          "features",
          "flags",
          "feature flags",
          "express"
      ],
      "license": "MIT",
      "author": "Rob Styles <rob@styles.to>",
      "repository": {
          "type": "git",
          "url": "git://github.com/mmmmmrob/express-flags.git"
      },
      "devDependencies": {
          "jest": "^23.6.0"
      },
      "engines": {
          "node": ">= 8.0"
      },
      "main": "./lib/index.js"
  }

yarn manifest: 
  No manifest

Lockfile: 
  No lockfile
